<?xml version="1.0" encoding="UTF-8"?>
<!-- Generated by org.testng.reporters.JUnitReportReporter -->
<testsuite skipped="0" hostname="mac.local" name="Org.Testing.TestTriggers.Trigger" tests="4" failures="0" timestamp="2021-07-11T12:33:42 IST" time="8.557" errors="0">
  <testcase name="second" time="8.002" classname="Org.Testing.TestTriggers.Trigger"/>
  <system-out/>
  <testcase name="first" time="0.256" classname="Org.Testing.TestTriggers.Trigger"/>
  <system-out/>
  <testcase name="fourth" time="0.177" classname="Org.Testing.TestTriggers.Trigger"/>
  <system-out/>
  <testcase name="third" time="0.122" classname="Org.Testing.TestTriggers.Trigger"/>
  <system-out/>
</testsuite> <!-- Org.Testing.TestTriggers.Trigger -->
