<?xml version="1.0" encoding="UTF-8"?>
<!-- Generated by org.testng.reporters.JUnitReportReporter -->
<testsuite skipped="0" hostname="mac.local" name="Org.Testing.TestNG.TestNGPractice" tests="2" failures="0" timestamp="2021-07-11T12:12:20 IST" time="0.027" errors="0">
  <testcase name="testcase2" time="0.024" classname="Org.Testing.TestNG.TestNGPractice"/>
  <system-out/>
  <testcase name="testcase1" time="0.003" classname="Org.Testing.TestNG.TestNGPractice"/>
  <system-out/>
</testsuite> <!-- Org.Testing.TestNG.TestNGPractice -->
