<?xml version="1.0" encoding="UTF-8"?>
<!-- Generated by org.testng.reporters.JUnitReportReporter -->
<testsuite skipped="0" hostname="mac.local" name="sprint0.EmployeeHomeFilter" tests="3" failures="0" timestamp="07 Feb 2019 04:13:57 GMT" time="83.313" errors="0">
  <testcase name="testFilterJobTitle" time="27.087" classname="sprint0.EmployeeHomeFilter"/>
  <testcase name="testFilterDepartment" time="28.359" classname="sprint0.EmployeeHomeFilter"/>
  <testcase name="testFilterSupervisor" time="27.867" classname="sprint0.EmployeeHomeFilter"/>
</testsuite> <!-- sprint0.EmployeeHomeFilter -->
