<?xml version="1.0" encoding="UTF-8"?>
<!-- Generated by org.testng.reporters.JUnitReportReporter -->
<testsuite skipped="0" hostname="mac.local" name="sprint0.UserLogin" tests="6" failures="0" timestamp="07 Feb 2019 04:13:57 GMT" time="60.059" errors="0">
  <testcase name="testUserLogin_valid" time="19.582" classname="sprint0.UserLogin"/>
  <testcase name="testUserLogin_inValid" time="5.324" classname="sprint0.UserLogin"/>
  <testcase name="testUserLogin_inValid" time="8.997" classname="sprint0.UserLogin"/>
  <testcase name="testUserLogin_inValid" time="8.620" classname="sprint0.UserLogin"/>
  <testcase name="testUserLogin_inValid" time="8.253" classname="sprint0.UserLogin"/>
  <testcase name="testUserLogin_inValid" time="9.283" classname="sprint0.UserLogin"/>
</testsuite> <!-- sprint0.UserLogin -->
