<?xml version="1.0" encoding="UTF-8"?>
<!-- Generated by org.testng.reporters.JUnitReportReporter -->
<testsuite skipped="0" hostname="mac.local" name="sprint0.DeactivatedEmployeeFilter" tests="1" failures="0" timestamp="07 Feb 2019 04:13:57 GMT" time="23.921" errors="0">
  <testcase name="testTerminateEmployee" time="23.921" classname="sprint0.DeactivatedEmployeeFilter"/>
</testsuite> <!-- sprint0.DeactivatedEmployeeFilter -->
