<?xml version="1.0" encoding="UTF-8"?>
<!-- Generated by org.testng.reporters.JUnitReportReporter -->
<testsuite skipped="0" hostname="mac.local" name="sprint0.EmployessAddEmployee" tests="20" failures="0" timestamp="07 Feb 2019 04:13:57 GMT" time="634.991" errors="0">
  <testcase name="testAddUserValid" time="34.037" classname="sprint0.EmployessAddEmployee"/>
  <testcase name="testAddUserValid" time="35.318" classname="sprint0.EmployessAddEmployee"/>
  <testcase name="testAddUserValid" time="28.213" classname="sprint0.EmployessAddEmployee"/>
  <testcase name="testAddUserValid" time="34.884" classname="sprint0.EmployessAddEmployee"/>
  <testcase name="testAddUserValid" time="30.792" classname="sprint0.EmployessAddEmployee"/>
  <testcase name="testAddUserValid" time="34.813" classname="sprint0.EmployessAddEmployee"/>
  <testcase name="testAddUserDuplicate" time="35.684" classname="sprint0.EmployessAddEmployee"/>
  <testcase name="testAddUserInvalidData" time="28.804" classname="sprint0.EmployessAddEmployee"/>
  <testcase name="testAddUserInvalidData" time="27.929" classname="sprint0.EmployessAddEmployee"/>
  <testcase name="testAddUserInvalidData" time="30.798" classname="sprint0.EmployessAddEmployee"/>
  <testcase name="testAddUserInvalidData" time="35.635" classname="sprint0.EmployessAddEmployee"/>
  <testcase name="testAddUserInvalidData" time="29.960" classname="sprint0.EmployessAddEmployee"/>
  <testcase name="testAddUserInvalidData" time="29.709" classname="sprint0.EmployessAddEmployee"/>
  <testcase name="testAddUserInvalidData" time="35.233" classname="sprint0.EmployessAddEmployee"/>
  <testcase name="testAddUserInvalidData" time="37.960" classname="sprint0.EmployessAddEmployee"/>
  <testcase name="testAddUserInvalidData" time="28.287" classname="sprint0.EmployessAddEmployee"/>
  <testcase name="testAddUserInvalidData" time="30.622" classname="sprint0.EmployessAddEmployee"/>
  <testcase name="testAddUserInvalidData" time="26.503" classname="sprint0.EmployessAddEmployee"/>
  <testcase name="testAddUserInvalidData" time="28.204" classname="sprint0.EmployessAddEmployee"/>
  <testcase name="testAddUserInvalidData" time="31.606" classname="sprint0.EmployessAddEmployee"/>
</testsuite> <!-- sprint0.EmployessAddEmployee -->
