<?xml version="1.0" encoding="UTF-8"?>
<!-- Generated by org.testng.reporters.JUnitReportReporter -->
<testsuite skipped="0" hostname="mac.local" name="sprint0.EmployeeTerminateEmployee" tests="1" failures="0" timestamp="07 Feb 2019 04:13:57 GMT" time="29.855" errors="0">
  <testcase name="testTerminateEmployee" time="29.855" classname="sprint0.EmployeeTerminateEmployee"/>
</testsuite> <!-- sprint0.EmployeeTerminateEmployee -->
